ACE 3.000        Sat May  8 16:29:52 1999
=========================================
Host information:
  name = flute
** ERROR (continuing with next line)
   can't start (no generators?)
OVERFLOW (a=249998 r=83333 h=83333 n=249999; l=337 c=0.95; m=249998 t=249998)
  #-- ACE 3.000: Run Parameters ---
Group Name: G;
Group Generators: ab;
Group Relators: ;
Subgroup Name: H;
Subgroup Generators: ;
Wo:1000000; Max:249998; Mess:0; Ti:-1; Ho:-1; Loop:0;
As:0; Path:0; Row:1; Mend:0; No:0; Look:0; Com:10;
C:0; R:0; Fi:7; PMod:3; PSiz:256; DMod:4; DSiz:1000;
  #--------------------------------
co: a=249998 r=83333 h=83333 n=249999; c=+0.00
 coset |      a      A      b      B   order   rep've
-------+---------------------------------------------
     1 |      2      3      4      5
     2 |      6      1      7      8       0   a
     3 |      1      9     10     11       0   A
     4 |     12     13     14      1       0   b
     5 |     15     16      1     17       0   B
     6 |     18      2     19     20       0   aa
     7 |     21     22     23      2       0   ab
     8 |     24     25      2     26       0   aB
     9 |      3     27     28     29       0   AA
    10 |     30     31     32      3       0   Ab
    11 |     33     34      3     35       0   AB
    12 |     36      4     37     38       0   ba
  #-- ACE 3.000: Run Parameters ---
Group Name: A_5;
Group Generators: ab;
Group Relators: (a)^2, (b)^3, (ab)^5;
Subgroup Name: trivial;
Subgroup Generators: ;
Wo:1000000; Max:333331; Mess:1000; Ti:-1; Ho:-1; Loop:0;
As:0; Path:0; Row:1; Mend:0; No:3; Look:0; Com:10;
C:0; R:0; Fi:6; PMod:3; PSiz:256; DMod:4; DSiz:1000;
  #--------------------------------
INDEX = 60 (a=60 r=77 h=1 n=77; l=3 c=0.00; m=66 t=76)
  #-- ACE 3.000: Run Parameters ---
Group Name: A_5;
Group Generators: ab;
Group Relators: (a)^2, (b)^3, (ab)^5;
Subgroup Name: C_5;
Subgroup Generators: ab;
Wo:1000000; Max:333331; Mess:1; Ti:-1; Ho:-1; Loop:0;
As:0; Path:0; Row:1; Mend:0; No:3; Look:0; Com:10;
C:0; R:0; Fi:6; PMod:3; PSiz:256; DMod:4; DSiz:1000;
  #--------------------------------
AD: a=2 r=1 h=1 n=3; l=1 c=+0.00; m=2 t=2
SG: a=2 r=1 h=1 n=3; l=1 c=+0.00; m=2 t=2
RD: a=3 r=1 h=1 n=4; l=2 c=+0.00; m=3 t=3
RD: a=4 r=2 h=1 n=5; l=2 c=+0.00; m=4 t=4
RD: a=5 r=2 h=1 n=6; l=2 c=+0.00; m=5 t=5
RD: a=6 r=2 h=1 n=7; l=2 c=+0.00; m=6 t=6
RD: a=7 r=2 h=1 n=8; l=2 c=+0.00; m=7 t=7
RD: a=8 r=2 h=1 n=9; l=2 c=+0.00; m=8 t=8
RD: a=9 r=2 h=1 n=10; l=2 c=+0.00; m=9 t=9
CC: a=8 r=2 h=1 n=10; l=2 c=+0.00; d=0
RD: a=9 r=5 h=1 n=11; l=2 c=+0.00; m=9 t=10
RD: a=10 r=5 h=1 n=12; l=2 c=+0.00; m=10 t=11
RD: a=11 r=5 h=1 n=13; l=2 c=+0.00; m=11 t=12
RD: a=12 r=5 h=1 n=14; l=2 c=+0.00; m=12 t=13
RD: a=13 r=5 h=1 n=15; l=2 c=+0.00; m=13 t=14
RD: a=14 r=5 h=1 n=16; l=2 c=+0.00; m=14 t=15
CC: a=13 r=6 h=1 n=16; l=2 c=+0.00; d=0
CC: a=12 r=6 h=1 n=16; l=2 c=+0.00; d=0
INDEX = 12 (a=12 r=16 h=1 n=16; l=3 c=0.00; m=14 t=15)
  #- ACE 3.000: Level 0 Statistics --
cdcoinc=0 rdcoinc=2 apcoinc=0 rlcoinc=0 clcoinc=0
  xcoinc=2 xcols12=4 qcoinc=3
  xsave12=0 s12dup=0 s12new=0
  xcrep=6 crepred=0 crepwrk=0 xcomp=0 compwrk=0
xsaved=0 sdmax=0 sdoflow=0
xapply=1 apdedn=1 apdefn=1
rldedn=0 cldedn=0
xrdefn=1 rddedn=5 rddefn=13 rdfill=0
xcdefn=0 cddproc=0 cdddedn=0 cddedn=0
  cdgap=0 cdidefn=0 cdidedn=0 cdpdl=0 cdpof=0
  cdpdead=0 cdpdefn=0 cddefn=0
  #----------------------------------
CO: a=12 r=13 h=1 n=13; c=+0.00
 coset |      b      B      a   order   rep've
-------+--------------------------------------
     1 |      3      2      2
     2 |      1      3      1       3   B
     3 |      2      1      4       3   b
     4 |      8      5      3       5   ba
     5 |      4      8      6       2   baB
     6 |      9      7      5       5   baBa
     7 |      6      9      8       3   baBaB
     8 |      5      4      7       5   bab
     9 |      7      6     10       5   baBab
    10 |     12     11      9       3   baBaba
    11 |     10     12     12       2   baBabaB
    12 |     11     10     11       3   baBabab
co/ST: a=12 r=13 h=1 n=13; c=+0.00
co: a=12 r=13 h=1 n=13; c=+0.00
 coset |      b      B      a   order   rep've
-------+--------------------------------------
     1 |      2      3      3
     2 |      3      1      4       3   b
     3 |      1      2      1       3   B
     4 |      5      6      2       5   ba
     5 |      6      4      7       5   bab
     6 |      4      5      8       2   baB
     7 |      8      9      5       5   baba
     8 |      9      7      6       5   baBa
     9 |      7      8     10       3   babaB
    10 |     11     12      9       3   babaBa
    11 |     12     10     12       3   babaBab
    12 |     10     11     11       2   babaBaB
=========================================
ACE 3.000        Sat May  8 16:29:54 1999
